<?xml version="1.0" encoding="UTF-8"?>
<!-- Generated by org.testng.reporters.JUnitXMLReporter -->
<testsuite hostname="laptop" ignored="0" name="Default test" tests="4" failures="0" timestamp="28 May 2021 12:01:35 GMT" time="0.067" errors="0">
  <testcase name="@BeforeMethod openurl" time="0.008" classname="com.qa.tests.Amazon1Test">
    <failure type="java.lang.NullPointerException">
      <![CDATA[java.lang.NullPointerException
at com.qa.Baseclass.BaseClass.init(BaseClass.java:49)
at com.qa.tests.Amazon1Test.openurl(Amazon1Test.java:25)
at sun.reflect.NativeMethodAccessorImpl.invoke0(Native Method)
at sun.reflect.NativeMethodAccessorImpl.invoke(Unknown Source)
at sun.reflect.DelegatingMethodAccessorImpl.invoke(Unknown Source)
at java.lang.reflect.Method.invoke(Unknown Source)
at org.testng.internal.MethodInvocationHelper.invokeMethod(MethodInvocationHelper.java:124)
at org.testng.internal.MethodInvocationHelper.invokeMethodConsideringTimeout(MethodInvocationHelper.java:59)
at org.testng.internal.Invoker.invokeConfigurationMethod(Invoker.java:455)
at org.testng.internal.Invoker.invokeConfigurations(Invoker.java:222)
at org.testng.internal.Invoker.invokeMethod(Invoker.java:520)
at org.testng.internal.Invoker.invokeTestMethod(Invoker.java:716)
at org.testng.internal.Invoker.invokeTestMethods(Invoker.java:988)
at org.testng.internal.TestMethodWorker.invokeTestMethods(TestMethodWorker.java:125)
at org.testng.internal.TestMethodWorker.run(TestMethodWorker.java:109)
at org.testng.TestRunner.privateRun(TestRunner.java:648)
at org.testng.TestRunner.run(TestRunner.java:505)
at org.testng.SuiteRunner.runTest(SuiteRunner.java:455)
at org.testng.SuiteRunner.runSequentially(SuiteRunner.java:450)
at org.testng.SuiteRunner.privateRun(SuiteRunner.java:415)
at org.testng.SuiteRunner.run(SuiteRunner.java:364)
at org.testng.SuiteRunnerWorker.runSuite(SuiteRunnerWorker.java:52)
at org.testng.SuiteRunnerWorker.run(SuiteRunnerWorker.java:84)
at org.testng.TestNG.runSuitesSequentially(TestNG.java:1208)
at org.testng.TestNG.runSuitesLocally(TestNG.java:1137)
at org.testng.TestNG.runSuites(TestNG.java:1049)
at org.testng.TestNG.run(TestNG.java:1017)
at org.testng.remote.AbstractRemoteTestNG.run(AbstractRemoteTestNG.java:114)
at org.testng.remote.RemoteTestNG.initAndRun(RemoteTestNG.java:251)
at org.testng.remote.RemoteTestNG.main(RemoteTestNG.java:77)
]]>
    </failure>
  </testcase> <!-- @BeforeMethod openurl -->
  <testcase name="@AfterMethod teardown" time="0.0" classname="com.qa.tests.Amazon1Test">
    <skipped/>
  </testcase> <!-- @AfterMethod teardown -->
  <testcase name="@BeforeMethod openurl" time="0.0" classname="com.qa.tests.Amazon1Test">
    <skipped/>
  </testcase> <!-- @BeforeMethod openurl -->
  <testcase name="@AfterMethod teardown" time="0.0" classname="com.qa.tests.Amazon1Test">
    <skipped/>
  </testcase> <!-- @AfterMethod teardown -->
  <testcase name="@BeforeMethod openurl" time="0.0" classname="com.qa.tests.Amazon1Test">
    <skipped/>
  </testcase> <!-- @BeforeMethod openurl -->
  <testcase name="@AfterMethod teardown" time="0.0" classname="com.qa.tests.Amazon1Test">
    <skipped/>
  </testcase> <!-- @AfterMethod teardown -->
  <testcase name="@BeforeMethod openurl" time="0.0" classname="com.qa.tests.Amazon1Test">
    <skipped/>
  </testcase> <!-- @BeforeMethod openurl -->
  <testcase name="@AfterMethod teardown" time="0.0" classname="com.qa.tests.Amazon1Test">
    <skipped/>
  </testcase> <!-- @AfterMethod teardown -->
  <testcase name="t2" time="0.0" classname="com.qa.tests.Amazon1Test">
    <skipped/>
  </testcase> <!-- t2 -->
  <testcase name="t3" time="0.0" classname="com.qa.tests.Amazon1Test">
    <skipped/>
  </testcase> <!-- t3 -->
  <testcase name="t5" time="0.0" classname="com.qa.tests.Amazon1Test">
    <skipped/>
  </testcase> <!-- t5 -->
  <testcase name="t6" time="0.0" classname="com.qa.tests.Amazon1Test">
    <skipped/>
  </testcase> <!-- t6 -->
</testsuite> <!-- Default test -->
