<?xml version="1.0" encoding="UTF-8"?>
<testsuite xmlns:xsi="http://www.w3.org/2001/XMLSchema-instance" xsi:noNamespaceSchemaLocation="https://maven.apache.org/surefire/maven-surefire-plugin/xsd/surefire-test-report.xsd" name="TestSuite" time="0.617" tests="1" errors="0" skipped="1" failures="0">
  <properties>
[...]
</properties>
  <testcase name="t2" classname="com.qa.tests.Amazon1Test" time="0">
    <skipped message="&#10;Parameter &apos;productname&apos; is required by @Test on method t2 but has not been marked @Optional or defined&#10;in C:\Users\sagar\eclipse-workspace\Day5Seleniumpomdatadrivenframework\testng.xml"/>
    <system-err><![CDATA[java.io.FileNotFoundException: \Day5Seleniumpomdatadrivenframework\src\main\java\com\qa\constant\config.properties (The system cannot find the path specified)
	at java.io.FileInputStream.open0(Native Method)
	at java.io.FileInputStream.open(FileInputStream.java:195)
	at java.io.FileInputStream.<init>(FileInputStream.java:138)
	at java.io.FileInputStream.<init>(FileInputStream.java:93)
	at com.qa.Baseclass.BaseClass.<init>(BaseClass.java:31)
	at com.qa.tests.Amazon1Test.<init>(Amazon1Test.java:22)
	at sun.reflect.NativeConstructorAccessorImpl.newInstance0(Native Method)
	at sun.reflect.NativeConstructorAccessorImpl.newInstance(NativeConstructorAccessorImpl.java:62)
	at sun.reflect.DelegatingConstructorAccessorImpl.newInstance(DelegatingConstructorAccessorImpl.java:45)
	at java.lang.reflect.Constructor.newInstance(Constructor.java:423)
	at org.testng.internal.ObjectFactoryImpl.newInstance(ObjectFactoryImpl.java:29)
	at org.testng.internal.ClassHelper.createInstance1(ClassHelper.java:387)
	at org.testng.internal.ClassHelper.createInstance(ClassHelper.java:299)
	at org.testng.internal.ClassImpl.getDefaultInstance(ClassImpl.java:110)
	at org.testng.internal.ClassImpl.getInstances(ClassImpl.java:186)
	at org.testng.internal.TestNGClassFinder.<init>(TestNGClassFinder.java:120)
	at org.testng.TestRunner.initMethods(TestRunner.java:409)
	at org.testng.TestRunner.init(TestRunner.java:235)
	at org.testng.TestRunner.init(TestRunner.java:205)
	at org.testng.TestRunner.<init>(TestRunner.java:153)
	at org.testng.SuiteRunner$DefaultTestRunnerFactory.newTestRunner(SuiteRunner.java:522)
	at org.testng.SuiteRunner.init(SuiteRunner.java:157)
	at org.testng.SuiteRunner.<init>(SuiteRunner.java:111)
	at org.testng.TestNG.createSuiteRunner(TestNG.java:1273)
	at org.testng.TestNG.createSuiteRunners(TestNG.java:1260)
	at org.testng.TestNG.runSuitesLocally(TestNG.java:1114)
	at org.testng.TestNG.run(TestNG.java:1031)
	at org.apache.maven.surefire.testng.TestNGExecutor.run(TestNGExecutor.java:283)
	at org.apache.maven.surefire.testng.TestNGXmlTestSuite.execute(TestNGXmlTestSuite.java:75)
	at org.apache.maven.surefire.testng.TestNGProvider.invoke(TestNGProvider.java:120)
	at org.apache.maven.surefire.booter.ForkedBooter.invokeProviderInSameClassLoader(ForkedBooter.java:384)
	at org.apache.maven.surefire.booter.ForkedBooter.runSuitesInProcess(ForkedBooter.java:345)
	at org.apache.maven.surefire.booter.ForkedBooter.execute(ForkedBooter.java:126)
	at org.apache.maven.surefire.booter.ForkedBooter.main(ForkedBooter.java:418)
]]></system-err>
  </testcase>
</testsuite>