<?xml version="1.0" encoding="UTF-8"?>
<testng-results skipped="0" failed="0" ignored="0" total="1" passed="1">
  <reporter-output>
  </reporter-output>
  <suite name="Amazon" duration-ms="17411" started-at="2021-05-28T12:57:34Z" finished-at="2021-05-28T12:57:52Z">
    <groups>
    </groups>
    <test name="testngparamTest" duration-ms="17411" started-at="2021-05-28T12:57:34Z" finished-at="2021-05-28T12:57:52Z">
      <class name="com.qa.tests.Amazon1Test">
        <test-method status="PASS" signature="openurl()[pri:0, instance:com.qa.tests.Amazon1Test@31ef45e3]" name="openurl" is-config="true" duration-ms="12451" started-at="2021-05-28T12:57:34Z" finished-at="2021-05-28T12:57:47Z">
          <reporter-output>
          </reporter-output>
        </test-method> <!-- openurl -->
        <test-method status="PASS" signature="t2(java.lang.String)[pri:0, instance:com.qa.tests.Amazon1Test@31ef45e3]" name="t2" duration-ms="4242" started-at="2021-05-28T12:57:47Z" finished-at="2021-05-28T12:57:51Z">
          <params>
            <param index="0">
              <value>
                <![CDATA[samsung]]>
              </value>
            </param>
          </params>
          <reporter-output>
          </reporter-output>
        </test-method> <!-- t2 -->
        <test-method status="PASS" signature="teardown()[pri:0, instance:com.qa.tests.Amazon1Test@31ef45e3]" name="teardown" is-config="true" duration-ms="682" started-at="2021-05-28T12:57:51Z" finished-at="2021-05-28T12:57:52Z">
          <reporter-output>
          </reporter-output>
        </test-method> <!-- teardown -->
      </class> <!-- com.qa.tests.Amazon1Test -->
    </test> <!-- testngparamTest -->
  </suite> <!-- Amazon -->
</testng-results>
