<?xml version="1.0" encoding="UTF-8"?>
<!-- Generated by org.testng.reporters.JUnitXMLReporter -->
<testsuite hostname="laptop" ignored="0" name="testngparallelTest" tests="4" failures="0" timestamp="28 May 2021 12:13:49 GMT" time="56.382" errors="0">
  <testcase name="t1" time="0.097" classname="com.qa.tests.Amazon1Test"/>
  <testcase name="t2" time="7.927" classname="com.qa.tests.Amazon1Test"/>
  <testcase name="t4" time="4.5" classname="com.qa.tests.Amazon1Test"/>
  <testcase name="t5" time="3.576" classname="com.qa.tests.Amazon1Test"/>
</testsuite> <!-- testngparallelTest -->
